app/build/outputs/mapping/release/seeds.txt
app.netlify.konsultasiku.twa.Application
app.netlify.konsultasiku.twa.LauncherActivity: LauncherActivity()
app.netlify.konsultasiku.twa.Application: Application()
app.netlify.konsultasiku.twa.DelegationService: DelegationService()
app.netlify.konsultasiku.twa.LauncherActivity
app.netlify.konsultasiku.twa.DelegationService
...
com.google.androidbrowserhelper.trusted.DelegationService: DelegationService()
androidx.core.graphics.drawable.IconCompatParcelizer: IconCompatParcelizer()
com.google.androidbrowserhelper.trusted.FocusActivity
android.support.v4.app.RemoteActionCompatParcelizer: void write(androidx.core.app.RemoteActionCompat,androidx.versionedparcelable.VersionedParcel)
androidx.lifecycle.CompositeGeneratedAdaptersObserver
androidx.core.graphics.drawable.IconCompat
android.support.v4.graphics.drawable.IconCompatParcelizer: IconCompatParcelizer()
androidx.core.app.RemoteActionCompatParcelizer
com.google.androidbrowserhelper.playbilling.provider.PaymentService: PaymentService()
androidx.core.app.CoreComponentFactory: CoreComponentFactory()
androidx.browser.browseractions.BrowserActionsFallbackMenuView
com.google.androidbrowserhelper.playbilling.provider.PaymentActivity
com.google.androidbrowserhelper.trusted.WebViewFallbackActivity
com.google.androidbrowserhelper.playbilling.provider.PaymentActivity: PaymentActivity()
androidx.browser.browseractions.BrowserActionsFallbackMenuView: BrowserActionsFallbackMenuView(android.content.Context,android.util.AttributeSet)
androidx.core.app.RemoteActionCompatParcelizer: androidx.core.app.RemoteActionCompat read(androidx.versionedparcelable.VersionedParcel)
androidx.lifecycle.FullLifecycleObserverAdapter
android.support.v4.graphics.drawable.IconCompatParcelizer
com.google.androidbrowserhelper.trusted.FocusActivity: FocusActivity()
androidx.core.graphics.drawable.IconCompat: IconCompat()
androidx.versionedparcelable.CustomVersionedParcelable: CustomVersionedParcelable()
androidx.core.graphics.drawable.IconCompatParcelizer: androidx.core.graphics.drawable.IconCompat read(androidx.versionedparcelable.VersionedParcel)
androidx.core.app.RemoteActionCompat
androidx.browser.trusted.TrustedWebActivityService: TrustedWebActivityService()
android.support.v4.app.RemoteActionCompatParcelizer
com.android.billingclient.api.ProxyBillingActivity: ProxyBillingActivity()
androidx.versionedparcelable.ParcelImpl: android.os.Parcelable$Creator CREATOR
androidx.versionedparcelable.ParcelImpl
androidx.versionedparcelable.CustomVersionedParcelable
androidx.core.graphics.drawable.IconCompatParcelizer: void write(androidx.core.graphics.drawable.IconCompat,androidx.versionedparcelable.VersionedParcel)
androidx.lifecycle.SingleGeneratedAdapterObserver
com.android.billingclient.api.ProxyBillingActivity
android.support.v4.graphics.drawable.IconCompatParcelizer: void write(androidx.core.graphics.drawable.IconCompat,androidx.versionedparcelable.VersionedParcel)
com.google.androidbrowserhelper.playbilling.provider.PaymentService
com.google.androidbrowserhelper.trusted.LauncherActivity: LauncherActivity()
android.support.v4.graphics.drawable.IconCompatParcelizer: androidx.core.graphics.drawable.IconCompat read(androidx.versionedparcelable.VersionedParcel)
androidx.lifecycle.ReflectiveGenericLifecycleObserver
androidx.core.app.RemoteActionCompatParcelizer: void write(androidx.core.app.RemoteActionCompat,androidx.versionedparcelable.VersionedParcel)
androidx.core.graphics.drawable.IconCompatParcelizer
com.google.androidbrowserhelper.trusted.ManageDataLauncherActivity
android.support.v4.app.RemoteActionCompatParcelizer: RemoteActionCompatParcelizer()
android.support.v4.app.RemoteActionCompatParcelizer: androidx.core.app.RemoteActionCompat read(androidx.versionedparcelable.VersionedParcel)
androidx.core.app.RemoteActionCompatParcelizer: RemoteActionCompatParcelizer()
com.google.androidbrowserhelper.trusted.WebViewFallbackActivity: WebViewFallbackActivity()
androidx.core.app.CoreComponentFactory
androidx.annotation.Keep
com.google.androidbrowserhelper.trusted.ManageDataLauncherActivity: ManageDataLauncherActivity()
androidx.core.content.FileProvider
androidx.core.app.RemoteActionCompat: RemoteActionCompat()
androidx.core.content.FileProvider: FileProvider()