app/build/outputs/mapping/release/mapping.txt
# compiler: R8
# compiler_version: 2.1.86
# min_api: 19
# pg_map_id: 258085d
# common_typos_disable
app.netlify.konsultasiku.twa.LauncherActivity -> app.netlify.konsultasiku.twa.LauncherActivity:
    android.net.Uri getLaunchingUrl() -> f
...
com.android.billingclient.api.zzj -> com.android.billingclient.api.l0:
    com.android.billingclient.api.AcknowledgePurchaseResponseListener zza -> a
com.android.billingclient.api.zzk -> com.android.billingclient.api.m0:
    com.android.billingclient.api.AcknowledgePurchaseParams zzb -> b
    com.android.billingclient.api.AcknowledgePurchaseResponseListener zzc -> c
    com.android.billingclient.api.BillingClientImpl zza -> a
com.android.billingclient.api.zzl -> com.android.billingclient.api.n0:
    com.android.billingclient.api.ConsumeResponseListener zzc -> c
    com.android.billingclient.api.ConsumeParams zzb -> b
    com.android.billingclient.api.BillingClientImpl zza -> a
com.android.billingclient.api.zzm -> com.android.billingclient.api.o0:
    java.lang.String zzc -> c
    com.android.billingclient.api.BillingClientImpl zza -> a
    com.android.billingclient.api.SkuDetails zzb -> b
com.android.billingclient.api.zzo -> com.android.billingclient.api.p0:
    android.os.Bundle zzc -> c
    java.lang.String zzb -> b
    com.android.billingclient.api.BillingClientImpl zza -> a
com.android.billingclient.api.zzp -> com.android.billingclient.api.q0:
    com.android.billingclient.api.SkuDetailsResponseListener zzd -> d
    java.util.List zzc -> c
    java.lang.String zzb -> b
    com.android.billingclient.api.BillingClientImpl zza -> a
com.android.billingclient.api.zzq -> com.android.billingclient.api.r0:
    com.android.billingclient.api.BillingResult zzb -> b
    com.android.billingclient.api.BillingClientImpl zza -> a
com.android.billingclient.api.zzr -> com.android.billingclient.api.s0:
    com.android.billingclient.api.ConsumeResponseListener zza -> a
    com.android.billingclient.api.ConsumeParams zzb -> b
com.android.billingclient.api.zzs -> com.android.billingclient.api.t0:
    com.android.billingclient.api.PriceChangeConfirmationListener zza -> a
    com.android.billingclient.api.BillingResult zzb -> b
com.android.billingclient.api.zzt -> com.android.billingclient.api.u0:
    com.android.billingclient.api.PurchaseHistoryResponseListener zza -> a
com.android.billingclient.api.zzu -> com.android.billingclient.api.v0:
    com.android.billingclient.api.PurchasesResponseListener zza -> a
com.android.billingclient.api.zzv -> com.android.billingclient.api.w0:
    com.android.billingclient.api.SkuDetailsResponseListener zza -> a
com.android.billingclient.api.zzw -> com.android.billingclient.api.x0:
    java.util.concurrent.Future zza -> a
    java.lang.Runnable zzb -> b
com.android.billingclient.api.zzx -> com.android.billingclient.api.y0:
    android.os.Bundle zzf -> f
    int zzb -> b
    com.android.billingclient.api.BillingClientImpl zza -> a
    com.android.billingclient.api.BillingFlowParams zze -> e
    com.android.billingclient.api.SkuDetails zzc -> c
    java.lang.String zzd -> d
com.android.billingclient.api.zzy -> com.android.billingclient.api.z0:
    com.android.billingclient.api.PriceChangeConfirmationListener zza -> a